2021-06-25 01:08:42 DEBUG Creando mi frame: visual para el usuario
2021-06-25 01:08:44 DEBUG Hago visible el frame para el usuario
2021-06-25 01:10:10 DEBUG Entra al catch por algún error
2021-06-25 01:10:10 DEBUG Entra al catch por algún error
2021-06-25 01:10:10 DEBUG El conteo de paréntesis reinicia en 0
2021-06-25 01:10:10 DEBUG Entra al catch por algún error
2021-06-25 01:10:10 DEBUG Entra al catch por algún error
2021-06-25 01:10:10 DEBUG El conteo de paréntesis reinicia en 0
2021-06-25 01:10:10 DEBUG Entra al catch por algún error
2021-06-25 01:10:10 DEBUG Entra al catch por algún error
2021-06-25 01:10:10 DEBUG El conteo de paréntesis reinicia en 0
2021-06-25 01:10:10 DEBUG Entra al catch por algún error
2021-06-25 01:10:10 DEBUG Entra al catch por algún error
2021-06-25 01:10:10 DEBUG El conteo de paréntesis reinicia en 0
2021-06-25 01:10:10 DEBUG Cambio Detectado
2021-06-25 01:23:13 DEBUG Creando mi frame: visual para el usuario
2021-06-25 01:23:13 DEBUG Hago visible el frame para el usuario
2021-06-25 01:23:45 DEBUG El conteo de paréntesis reinicia en 0
2021-06-25 01:23:45 DEBUG Cambio Detectado
2021-06-25 01:23:45 DEBUG Usuario ingresa nueva expresión
2021-06-25 01:23:45 DEBUG Le paso los parámetros y dibuja contenedor
2021-06-25 01:23:47 DEBUG Encuentra un . y la posición actual incrementa en una unidad
2021-06-25 01:23:47 DEBUG El conteo de paréntesis reinicia en 0
2021-06-25 01:23:47 DEBUG Encuentra signo de multiplicación '*' 
2021-06-25 01:23:55 DEBUG Le paso los parámetros y dibuja contenedor
2021-06-25 01:23:57 DEBUG El conteo de paréntesis reinicia en 0
2021-06-25 01:23:57 DEBUG Cambio Detectado
2021-06-25 01:23:57 DEBUG Usuario ingresa nueva expresión
2021-06-25 01:23:57 DEBUG Le paso los parámetros y dibuja contenedor
2021-06-25 01:23:59 DEBUG Encuentra un . y la posición actual incrementa en una unidad
2021-06-25 01:23:59 DEBUG El conteo de paréntesis reinicia en 0
2021-06-25 01:23:59 DEBUG Encuentra signo de suma '+' 
2021-06-25 01:24:03 DEBUG Le paso los parámetros y dibuja contenedor
2021-06-25 01:24:04 DEBUG Usuario sale de la ventana y finaliza app
2021-06-25 01:29:04 DEBUG Creando mi frame: visual para el usuario
2021-06-25 01:29:04 DEBUG Hago visible el frame para el usuario
2021-06-25 01:30:07 DEBUG El conteo de paréntesis reinicia en 0
2021-06-25 01:30:07 DEBUG El conteo de paréntesis reinicia en 0
2021-06-25 01:30:07 DEBUG El conteo de paréntesis reinicia en 0
2021-06-25 01:30:07 DEBUG El conteo de paréntesis reinicia en 0
2021-06-25 01:30:07 DEBUG El conteo de paréntesis reinicia en 0
2021-06-25 01:30:07 DEBUG El conteo de paréntesis reinicia en 0
2021-06-25 01:30:07 DEBUG El conteo de paréntesis reinicia en 0
2021-06-25 01:30:07 DEBUG El conteo de paréntesis reinicia en 0
2021-06-25 01:30:07 DEBUG El conteo de paréntesis reinicia en 0
2021-06-25 01:30:07 DEBUG El conteo de paréntesis reinicia en 0
2021-06-25 01:30:07 DEBUG El conteo de paréntesis reinicia en 0
2021-06-25 01:30:07 DEBUG El conteo de paréntesis reinicia en 0
2021-06-25 01:30:07 DEBUG El conteo de paréntesis reinicia en 0
2021-06-25 01:30:07 DEBUG El conteo de paréntesis reinicia en 0
2021-06-25 01:30:07 DEBUG El conteo de paréntesis reinicia en 0
2021-06-25 01:30:07 DEBUG El conteo de paréntesis reinicia en 0
2021-06-25 01:30:07 DEBUG El conteo de paréntesis reinicia en 0
2021-06-25 01:30:07 DEBUG El conteo de paréntesis reinicia en 0
2021-06-25 01:30:07 DEBUG El conteo de paréntesis reinicia en 0
2021-06-25 01:30:07 DEBUG El conteo de paréntesis reinicia en 0
2021-06-25 01:30:07 DEBUG El conteo de paréntesis reinicia en 0
2021-06-25 01:30:07 DEBUG El conteo de paréntesis reinicia en 0
2021-06-25 01:30:07 DEBUG El conteo de paréntesis reinicia en 0
2021-06-25 01:30:07 DEBUG El conteo de paréntesis reinicia en 0
2021-06-25 01:30:07 DEBUG El conteo de paréntesis reinicia en 0
2021-06-25 01:30:07 DEBUG El conteo de paréntesis reinicia en 0
2021-06-25 01:30:07 DEBUG El conteo de paréntesis reinicia en 0
2021-06-25 01:30:07 DEBUG El conteo de paréntesis reinicia en 0
2021-06-25 01:30:07 DEBUG El conteo de paréntesis reinicia en 0
2021-06-25 01:30:07 DEBUG El conteo de paréntesis reinicia en 0
2021-06-25 01:30:07 DEBUG El conteo de paréntesis reinicia en 0
2021-06-25 01:30:07 DEBUG El conteo de paréntesis reinicia en 0
2021-06-25 01:30:07 DEBUG El conteo de paréntesis reinicia en 0
2021-06-25 01:30:07 DEBUG El conteo de paréntesis reinicia en 0
2021-06-25 01:30:07 DEBUG El conteo de paréntesis reinicia en 0
2021-06-25 01:30:07 DEBUG El conteo de paréntesis reinicia en 0
2021-06-25 01:30:07 DEBUG El conteo de paréntesis reinicia en 0
2021-06-25 01:30:07 DEBUG El conteo de paréntesis reinicia en 0
2021-06-25 01:30:07 DEBUG El conteo de paréntesis reinicia en 0
2021-06-25 01:30:07 DEBUG El conteo de paréntesis reinicia en 0
2021-06-25 01:30:07 DEBUG El conteo de paréntesis reinicia en 0
2021-06-25 01:30:07 DEBUG El conteo de paréntesis reinicia en 0
2021-06-25 01:30:07 DEBUG El conteo de paréntesis reinicia en 0
2021-06-25 01:30:07 DEBUG El conteo de paréntesis reinicia en 0
2021-06-25 01:30:07 DEBUG El conteo de paréntesis reinicia en 0
2021-06-25 01:30:07 DEBUG El conteo de paréntesis reinicia en 0
2021-06-25 01:30:07 DEBUG El conteo de paréntesis reinicia en 0
2021-06-25 01:30:07 DEBUG El conteo de paréntesis reinicia en 0
2021-06-25 01:30:07 DEBUG El conteo de paréntesis reinicia en 0
2021-06-25 01:30:07 DEBUG El conteo de paréntesis reinicia en 0
2021-06-25 01:30:07 DEBUG El conteo de paréntesis reinicia en 0
2021-06-25 01:30:07 DEBUG El conteo de paréntesis reinicia en 0
2021-06-25 01:30:07 DEBUG El conteo de paréntesis reinicia en 0
2021-06-25 01:30:07 DEBUG El conteo de paréntesis reinicia en 0
2021-06-25 01:30:07 DEBUG El conteo de paréntesis reinicia en 0
2021-06-25 01:30:07 DEBUG El conteo de paréntesis reinicia en 0
2021-06-25 01:30:07 DEBUG El conteo de paréntesis reinicia en 0
2021-06-25 01:30:07 DEBUG El conteo de paréntesis reinicia en 0
2021-06-25 01:30:07 DEBUG El conteo de paréntesis reinicia en 0
2021-06-25 01:30:07 DEBUG El conteo de paréntesis reinicia en 0
2021-06-25 01:30:07 DEBUG El conteo de paréntesis reinicia en 0
2021-06-25 01:30:07 DEBUG El conteo de paréntesis reinicia en 0
2021-06-25 01:30:07 DEBUG El conteo de paréntesis reinicia en 0
2021-06-25 01:30:07 DEBUG El conteo de paréntesis reinicia en 0
2021-06-25 01:30:07 DEBUG El conteo de paréntesis reinicia en 0
2021-06-25 01:30:07 DEBUG El conteo de paréntesis reinicia en 0
2021-06-25 01:30:07 DEBUG El conteo de paréntesis reinicia en 0
2021-06-25 01:30:07 DEBUG El conteo de paréntesis reinicia en 0
2021-06-25 01:30:07 DEBUG El conteo de paréntesis reinicia en 0
2021-06-25 01:30:07 DEBUG El conteo de paréntesis reinicia en 0
2021-06-25 01:30:07 DEBUG El conteo de paréntesis reinicia en 0
2021-06-25 01:30:07 DEBUG El conteo de paréntesis reinicia en 0
2021-06-25 01:30:07 DEBUG El conteo de paréntesis reinicia en 0
2021-06-25 01:30:07 DEBUG El conteo de paréntesis reinicia en 0
2021-06-25 01:30:07 DEBUG El conteo de paréntesis reinicia en 0
2021-06-25 01:30:07 DEBUG El conteo de paréntesis reinicia en 0
2021-06-25 01:30:07 DEBUG El conteo de paréntesis reinicia en 0
2021-06-25 01:30:07 DEBUG El conteo de paréntesis reinicia en 0
2021-06-25 01:30:07 DEBUG El conteo de paréntesis reinicia en 0
2021-06-25 01:30:07 DEBUG El conteo de paréntesis reinicia en 0
2021-06-25 01:30:07 DEBUG El conteo de paréntesis reinicia en 0
2021-06-25 01:30:07 DEBUG El conteo de paréntesis reinicia en 0
2021-06-25 01:30:07 DEBUG El conteo de paréntesis reinicia en 0
2021-06-25 01:30:07 DEBUG El conteo de paréntesis reinicia en 0
2021-06-25 01:30:07 DEBUG El conteo de paréntesis reinicia en 0
2021-06-25 01:30:07 DEBUG El conteo de paréntesis reinicia en 0
2021-06-25 01:30:07 DEBUG El conteo de paréntesis reinicia en 0
2021-06-25 01:30:07 DEBUG El conteo de paréntesis reinicia en 0
2021-06-25 01:30:07 DEBUG El conteo de paréntesis reinicia en 0
2021-06-25 01:30:07 DEBUG El conteo de paréntesis reinicia en 0
2021-06-25 01:30:07 DEBUG El conteo de paréntesis reinicia en 0
2021-06-25 01:30:07 DEBUG El conteo de paréntesis reinicia en 0
2021-06-25 01:30:07 DEBUG El conteo de paréntesis reinicia en 0
2021-06-25 01:30:07 DEBUG El conteo de paréntesis reinicia en 0
2021-06-25 01:30:07 DEBUG El conteo de paréntesis reinicia en 0
2021-06-25 01:30:07 DEBUG El conteo de paréntesis reinicia en 0
2021-06-25 01:30:07 DEBUG El conteo de paréntesis reinicia en 0
2021-06-25 01:30:07 DEBUG El conteo de paréntesis reinicia en 0
2021-06-25 01:30:07 DEBUG El conteo de paréntesis reinicia en 0
2021-06-25 01:30:07 DEBUG El conteo de paréntesis reinicia en 0
2021-06-25 01:30:07 DEBUG El conteo de paréntesis reinicia en 0
2021-06-25 01:30:07 DEBUG El conteo de paréntesis reinicia en 0
2021-06-25 01:30:07 DEBUG El conteo de paréntesis reinicia en 0
2021-06-25 01:30:07 DEBUG El conteo de paréntesis reinicia en 0
2021-06-25 01:30:07 DEBUG El conteo de paréntesis reinicia en 0
2021-06-25 01:30:07 DEBUG El conteo de paréntesis reinicia en 0
2021-06-25 01:30:07 DEBUG El conteo de paréntesis reinicia en 0
2021-06-25 01:30:07 DEBUG El conteo de paréntesis reinicia en 0
2021-06-25 01:30:07 DEBUG El conteo de paréntesis reinicia en 0
2021-06-25 01:30:07 DEBUG El conteo de paréntesis reinicia en 0
2021-06-25 01:30:07 DEBUG El conteo de paréntesis reinicia en 0
2021-06-25 01:30:07 DEBUG El conteo de paréntesis reinicia en 0
2021-06-25 01:30:07 DEBUG El conteo de paréntesis reinicia en 0
2021-06-25 01:30:07 DEBUG El conteo de paréntesis reinicia en 0
2021-06-25 01:30:07 DEBUG El conteo de paréntesis reinicia en 0
2021-06-25 01:30:07 DEBUG El conteo de paréntesis reinicia en 0
2021-06-25 01:30:07 DEBUG El conteo de paréntesis reinicia en 0
2021-06-25 01:30:07 DEBUG El conteo de paréntesis reinicia en 0
2021-06-25 01:30:07 DEBUG El conteo de paréntesis reinicia en 0
2021-06-25 01:30:07 DEBUG El conteo de paréntesis reinicia en 0
2021-06-25 01:30:13 DEBUG El conteo de paréntesis reinicia en 0
2021-06-25 01:30:13 DEBUG El conteo de paréntesis reinicia en 0
2021-06-25 01:30:13 DEBUG El conteo de paréntesis reinicia en 0
2021-06-25 01:30:13 DEBUG El conteo de paréntesis reinicia en 0
2021-06-25 01:30:13 DEBUG Hace un repaint
2021-06-25 01:30:13 DEBUG Cambio Detectado
2021-06-25 01:30:13 DEBUG Usuario ingresa nueva expresión
2021-06-25 01:30:13 DEBUG Le paso los parámetros y dibuja contenedor
2021-06-25 01:30:13 DEBUG Dibuja nuestro árbol
2021-06-25 01:30:14 DEBUG El click fue dado dentro de los parámetros de X
2021-06-25 01:30:14 DEBUG El click fue dado dentro de los parámetros de Y
2021-06-25 01:30:14 DEBUG Encuentra un . y la posición actual incrementa en una unidad
2021-06-25 01:30:14 DEBUG El conteo de paréntesis reinicia en 0
2021-06-25 01:30:14 DEBUG Encuentra signo de suma '+' 
2021-06-25 01:30:17 DEBUG El click fue dado dentro de los parámetros de X
2021-06-25 01:30:17 DEBUG El click fue dado dentro de los parámetros de X
2021-06-25 01:30:17 DEBUG El click fue dado dentro de los parámetros de Y
2021-06-25 01:30:17 DEBUG Encuentra un . y la posición actual incrementa en una unidad
2021-06-25 01:30:17 DEBUG El conteo de paréntesis reinicia en 0
2021-06-25 01:30:17 DEBUG Encuentra un . y la posición actual incrementa en una unidad
2021-06-25 01:30:17 DEBUG El conteo de paréntesis reinicia en 0
2021-06-25 01:30:17 DEBUG Encuentra un . y la posición actual incrementa en una unidad
2021-06-25 01:30:17 DEBUG El conteo de paréntesis reinicia en 0
2021-06-25 01:30:17 DEBUG Encuentra un . y la posición actual incrementa en una unidad
2021-06-25 01:30:17 DEBUG El conteo de paréntesis reinicia en 0
2021-06-25 01:30:17 DEBUG Encuentra signo de suma '+' 
2021-06-25 01:30:17 DEBUG Encuentra signo de suma '+' 
2021-06-25 01:30:17 DEBUG Encuentra signo de suma '+' 
2021-06-25 01:30:17 DEBUG Encuentra signo de suma '+' 
2021-06-25 01:30:20 DEBUG Le paso los parámetros y dibuja contenedor
2021-06-25 01:30:20 DEBUG Dibuja nuestro árbol
2021-06-25 01:30:22 DEBUG Usuario sale de la ventana y finaliza app
